<?xml version="1.0" encoding="UTF-8"?>
<!-- Generated by org.testng.reporters.JUnitReportReporter -->
<testsuite hostname="DESKTOP-IQTEBF1" name="com.testcases.ToursReserveFlightsTest" tests="1" failures="0" timestamp="6 Dec 2019 20:46:53 GMT" time="1.610" errors="0">
  <testcase name="reserveFlightsTest" time="1.610" classname="com.testcases.ToursReserveFlightsTest"/>
</testsuite> <!-- com.testcases.ToursReserveFlightsTest -->
