<?xml version="1.0" encoding="UTF-8"?>
<!-- Generated by org.testng.reporters.JUnitReportReporter -->
<testsuite hostname="DESKTOP-IQTEBF1" name="com.testcases.WelcomePageTest" tests="1" failures="0" timestamp="6 Dec 2019 22:04:52 GMT" time="1.288" errors="0">
  <testcase name="welcomePageLinks" time="1.288" classname="com.testcases.WelcomePageTest"/>
</testsuite> <!-- com.testcases.WelcomePageTest -->
