<?xml version="1.0" encoding="UTF-8"?>
<!-- Generated by org.testng.reporters.JUnitReportReporter -->
<testsuite hostname="DESKTOP-IQTEBF1" name="com.testcases.ToursFindFlightsTest" tests="1" failures="0" timestamp="7 Dec 2019 00:16:27 GMT" time="2.384" errors="0">
  <testcase name="findFlightsTest" time="2.384" classname="com.testcases.ToursFindFlightsTest"/>
</testsuite> <!-- com.testcases.ToursFindFlightsTest -->
