<?xml version="1.0" encoding="UTF-8"?>
<!-- Generated by org.testng.reporters.JUnitReportReporter -->
<testsuite hostname="DESKTOP-IQTEBF1" name="com.testcases.ToursConfirmBookFlightsTest" tests="1" failures="0" timestamp="7 Dec 2019 00:16:27 GMT" time="0.041" errors="0">
  <testcase name="confirmBookFlightsTest" time="0.041" classname="com.testcases.ToursConfirmBookFlightsTest"/>
</testsuite> <!-- com.testcases.ToursConfirmBookFlightsTest -->
