<?xml version="1.0" encoding="UTF-8"?>
<!-- Generated by org.testng.reporters.JUnitReportReporter -->
<testsuite hostname="DESKTOP-IQTEBF1" name="com.testcases.ToursBookFlightsTest" tests="1" failures="0" timestamp="5 Dec 2019 22:19:16 GMT" time="3.513" errors="0">
  <testcase name="bookFlightsTest" time="3.513" classname="com.testcases.ToursBookFlightsTest"/>
</testsuite> <!-- com.testcases.ToursBookFlightsTest -->
