<?xml version="1.0" encoding="UTF-8"?>
<!-- Generated by org.testng.reporters.JUnitReportReporter -->
<testsuite hostname="DESKTOP-IQTEBF1" name="com.testcases.ToursFindFlightsTest" tests="1" failures="0" timestamp="5 Dec 2019 22:19:16 GMT" time="2.771" errors="0">
  <testcase name="findFlightsTest" time="2.771" classname="com.testcases.ToursFindFlightsTest"/>
</testsuite> <!-- com.testcases.ToursFindFlightsTest -->
