<?xml version="1.0" encoding="UTF-8"?>
<!-- Generated by org.testng.reporters.JUnitReportReporter -->
<testsuite hostname="DESKTOP-IQTEBF1" name="com.testcases.ToursConfirmBookFlightsTest" tests="1" failures="0" timestamp="5 Dec 2019 22:19:16 GMT" time="0.057" errors="0">
  <testcase name="confirmBookFlightsTest" time="0.057" classname="com.testcases.ToursConfirmBookFlightsTest"/>
</testsuite> <!-- com.testcases.ToursConfirmBookFlightsTest -->
