<?xml version="1.0" encoding="UTF-8"?>
<!-- Generated by org.testng.reporters.JUnitReportReporter -->
<testsuite hostname="DESKTOP-IQTEBF1" name="com.testcases.ToursSignonTest" tests="1" failures="0" timestamp="6 Dec 2019 22:04:52 GMT" time="6.669" errors="0">
  <testcase name="signOnTest" time="6.669" classname="com.testcases.ToursSignonTest"/>
</testsuite> <!-- com.testcases.ToursSignonTest -->
