<?xml version="1.0" encoding="UTF-8"?>
<!-- Generated by org.testng.reporters.JUnitReportReporter -->
<testsuite hostname="DESKTOP-IQTEBF1" name="com.testcases.ToursSignonTest" tests="1" failures="0" timestamp="7 Dec 2019 00:16:27 GMT" time="7.464" errors="0">
  <testcase name="signOnTest" time="7.464" classname="com.testcases.ToursSignonTest"/>
</testsuite> <!-- com.testcases.ToursSignonTest -->
