<?xml version="1.0" encoding="UTF-8"?>
<!-- Generated by org.testng.reporters.JUnitReportReporter -->
<testsuite skipped="0" hostname="DESKTOP-IQTEBF1" name="com.testcases.SignInTest" tests="1" failures="0" timestamp="04 Dec 2019 19:02:16 GMT" time="9.634" errors="0">
  <testcase name="signInTest" time="9.634" classname="com.testcases.SignInTest"/>
</testsuite> <!-- com.testcases.SignInTest -->
