<?xml version="1.0" encoding="UTF-8"?>
<!-- Generated by org.testng.reporters.JUnitReportReporter -->
<testsuite skipped="0" hostname="DESKTOP-IQTEBF1" name="com.testcases.ToursSignonTest" tests="1" failures="0" timestamp="06 Dec 2019 20:49:27 GMT" time="6.846" errors="0">
  <testcase name="signOnTest" time="6.846" classname="com.testcases.ToursSignonTest"/>
</testsuite> <!-- com.testcases.ToursSignonTest -->
