<?xml version="1.0" encoding="UTF-8"?>
<!-- Generated by org.testng.reporters.JUnitReportReporter -->
<testsuite skipped="0" hostname="DESKTOP-IQTEBF1" name="com.testcases.ToursReserveFlightsTest" tests="1" failures="0" timestamp="06 Dec 2019 22:06:33 GMT" time="1.553" errors="0">
  <testcase name="reserveFlightsTest" time="1.553" classname="com.testcases.ToursReserveFlightsTest"/>
</testsuite> <!-- com.testcases.ToursReserveFlightsTest -->
