<?xml version="1.0" encoding="UTF-8"?>
<!-- Generated by org.testng.reporters.JUnitReportReporter -->
<testsuite skipped="0" hostname="DESKTOP-IQTEBF1" name="com.testcases.ToursSignonTest" tests="1" failures="0" timestamp="06 Dec 2019 03:57:42 GMT" time="7.474" errors="0">
  <testcase name="signOnTest" time="7.474" classname="com.testcases.ToursSignonTest"/>
</testsuite> <!-- com.testcases.ToursSignonTest -->
