<?xml version="1.0" encoding="UTF-8"?>
<!-- Generated by org.testng.reporters.JUnitReportReporter -->
<testsuite skipped="0" hostname="DESKTOP-IQTEBF1" name="com.testcases.ToursSignonTest" tests="1" failures="0" timestamp="05 Dec 2019 22:30:13 GMT" time="7.004" errors="0">
  <testcase name="signOnTest" time="7.004" classname="com.testcases.ToursSignonTest"/>
</testsuite> <!-- com.testcases.ToursSignonTest -->
