<?xml version="1.0" encoding="UTF-8"?>
<!-- Generated by org.testng.reporters.JUnitReportReporter -->
<testsuite skipped="0" hostname="DESKTOP-IQTEBF1" name="com.testcases.WelcomePageTest" tests="1" failures="0" timestamp="07 Dec 2019 00:13:21 GMT" time="1.256" errors="0">
  <testcase name="welcomePageLinks" time="1.256" classname="com.testcases.WelcomePageTest"/>
</testsuite> <!-- com.testcases.WelcomePageTest -->
