<?xml version="1.0" encoding="UTF-8"?>
<!-- Generated by org.testng.reporters.JUnitReportReporter -->
<testsuite skipped="0" hostname="DESKTOP-IQTEBF1" name="com.testcases.ToursReserveFlightsTest" tests="1" failures="0" timestamp="07 Dec 2019 00:13:21 GMT" time="1.539" errors="0">
  <testcase name="reserveFlightsTest" time="1.539" classname="com.testcases.ToursReserveFlightsTest"/>
</testsuite> <!-- com.testcases.ToursReserveFlightsTest -->
